START_OF_SIMULATION
TB resp sees: 5
TB resp sees: 6
TB resp sees: 7
TB resp sees: 5
TB resp sees: 7
TB resp sees: 8
TB resp sees: 9
TB resp sees: 6
TB resp sees: 8
TB resp sees: a
TB resp sees: b
TB resp sees: 7
TB resp sees: 9
TB resp sees: b
TB resp sees: d
TB resp sees: 6
TB resp sees: 7
TB resp sees: 8
TB resp sees: 6
TB resp sees: 8
TB resp sees: 9
TB resp sees: a
TB resp sees: 7
TB resp sees: 9
TB resp sees: b
TB resp sees: c
TB resp sees: 8
TB resp sees: a
TB resp sees: c
TB resp sees: e
TB resp sees: 7
TB resp sees: 8
TB resp sees: 9
TB resp sees: 7
TB resp sees: 9
TB resp sees: a
TB resp sees: b
TB resp sees: 8
TB resp sees: a
TB resp sees: b
TB resp sees: d
TB resp sees: 9
TB resp sees: b
TB resp sees: d
TB resp sees: f
TB resp sees: 8
TB resp sees: 9
TB resp sees: a
TB resp sees: 8
TB resp sees: a
TB resp sees: b
TB resp sees: c
TB resp sees: 9
TB resp sees: b
TB resp sees: c
TB resp sees: e
TB resp sees: a
TB resp sees: c
TB resp sees: e
TB resp sees: 10
TB resp sees: 8
TB resp sees: 8
TB resp sees: 8
TB resp sees: 8
TB resp sees: 8
TB resp sees: 8
TB resp sees: 8
TB resp sees: 9
TB resp sees: a
TB resp sees: b
TB resp sees: 8
TB resp sees: 9
TB resp sees: b
TB resp sees: c
TB resp sees: d
TB resp sees: 8
TB resp sees: a
TB resp sees: c
TB resp sees: d
TB resp sees: f
TB resp sees: 8
TB resp sees: b
TB resp sees: d
TB resp sees: f
TB resp sees: 11
TB resp sees: 9
TB resp sees: 9
TB resp sees: 9
TB resp sees: 9
TB resp sees: 9
TB resp sees: 9
TB resp sees: a
TB resp sees: a
TB resp sees: b
TB resp sees: c
TB resp sees: 9
TB resp sees: a
TB resp sees: c
TB resp sees: d
TB resp sees: e
TB resp sees: 9
TB resp sees: b
TB resp sees: d
TB resp sees: e
TB resp sees: 10
TB resp sees: 9
TB resp sees: c
TB resp sees: e
TB resp sees: 10
TB resp sees: 12
TB resp sees: a
TB resp sees: a
TB resp sees: a
TB resp sees: a
TB resp sees: a
TB resp sees: a
TB resp sees: b
TB resp sees: b
TB resp sees: c
TB resp sees: d
TB resp sees: a
TB resp sees: b
TB resp sees: d
TB resp sees: e
TB resp sees: f
TB resp sees: a
TB resp sees: c
TB resp sees: e
TB resp sees: f
TB resp sees: 11
TB resp sees: a
TB resp sees: d
TB resp sees: f
TB resp sees: 11
TB resp sees: 13
TB resp sees: b
TB resp sees: b
TB resp sees: b
TB resp sees: b
TB resp sees: b
TB resp sees: b
TB resp sees: c
TB resp sees: c
TB resp sees: d
TB resp sees: e
TB resp sees: b
TB resp sees: c
TB resp sees: e
TB resp sees: f
TB resp sees: 10
TB resp sees: b
TB resp sees: d
TB resp sees: f
TB resp sees: 10
TB resp sees: 12
TB resp sees: b
TB resp sees: e
TB resp sees: 10
TB resp sees: 12
TB resp sees: 14
TB resp sees: c
TB resp sees: c
TB resp sees: c
TB resp sees: c
TB resp sees: c
TB resp sees: c
TB resp sees: d
TB resp sees: d
TB resp sees: e
TB resp sees: f
TB resp sees: c
TB resp sees: d
TB resp sees: f
TB resp sees: 10
TB resp sees: 11
TB resp sees: c
TB resp sees: e
TB resp sees: 10
TB resp sees: 11
TB resp sees: 13
TB resp sees: c
TB resp sees: f
TB resp sees: 11
TB resp sees: 13
TB resp sees: 15
TB resp sees: d
TB resp sees: d
TB resp sees: d
TB resp sees: d
TB resp sees: d
TB resp sees: d
TB resp sees: e
TB resp sees: e
TB resp sees: f
TB resp sees: 10
TB resp sees: d
TB resp sees: e
TB resp sees: 10
TB resp sees: 11
TB resp sees: 12
TB resp sees: d
TB resp sees: f
TB resp sees: 11
TB resp sees: 12
TB resp sees: 14
TB resp sees: d
TB resp sees: 10
TB resp sees: 12
TB resp sees: 14
TB resp sees: 16
END_OF_SIMULATION
